Log file open, 02/21/15 23:01:42
LogInit:Display: Running engine for game: Prototype_02
LogInit: Version: 4.6.1-2386410+++depot+UE4-Releases+4.6
LogInit: API Version: 2369412
LogInit: Compiled (64-bit): Dec 11 2014 21:31:39
LogInit: Compiled with Visual C++: 18.00.21005.01
LogInit: Build Configuration: Development
LogInit: Branch Name: ++depot+UE4-Releases+4.6
LogInit: Command line: 
LogInit: Base directory: C:/Program Files/Epic Games/4.6/Engine/Binaries/Win64/
LogInit: Rocket: 1
[2015.02.22-07.01.42:964][  0]LogTaskGraph: Started task graph with 3 named threads and 6 total threads.
[2015.02.22-07.01.43:017][  0]LogOnline:Warning: No default platform service specified for OnlineSubsystem
[2015.02.22-07.01.43:044][  0]LogInit: Presizing for 0 objects not considered by GC, pre-allocating 0 bytes.
[2015.02.22-07.01.43:055][  0]LogInit: Object subsystem initialized
[2015.02.22-07.01.43:058][  0]LogConsoleResponse:Warning: Skipping Unknown console variable: 'UIScaleRule = ShortestSide'
[2015.02.22-07.01.43:058][  0]LogConsoleResponse:Warning:   Found in ini file 'C:/Users/128996/Desktop/Blank_Feedwc/Prototype_02/Saved/Config/Windows/Engine.ini', in section '[/Script/Engine.RendererSettings]'
[2015.02.22-07.01.43:058][  0]LogConsoleResponse:Warning: Skipping Unknown console variable: 'UIScaleCurve = (EditorCurveData=(Keys=),ExternalCurve=None)'
[2015.02.22-07.01.43:058][  0]LogConsoleResponse:Warning:   Found in ini file 'C:/Users/128996/Desktop/Blank_Feedwc/Prototype_02/Saved/Config/Windows/Engine.ini', in section '[/Script/Engine.RendererSettings]'
[2015.02.22-07.01.43:058][  0]LogConsoleManager:Warning: Console variable 'r.MSAA.CompositingSampleCount' wasn't set (Priority ProjectSetting < Scalability)
[2015.02.22-07.01.43:058][  0]LogInit: Selected Device Profile: [Windows]
[2015.02.22-07.01.43:058][  0]LogInit: Applying CVar settings loaded from the selected device profile: [Windows]
[2015.02.22-07.01.43:069][  0]LogInit: Computer: AI911LAB245P14
[2015.02.22-07.01.43:069][  0]LogInit: User: 128996
[2015.02.22-07.01.43:069][  0]LogInit: CPU Page size=4096, Cores=4
[2015.02.22-07.01.43:069][  0]LogInit: High frequency timer resolution =2.604228 MHz
[2015.02.22-07.01.43:070][  0]LogMemory: Memory total: Physical=8.0GB (8GB approx) Virtual=8192.0GB
[2015.02.22-07.01.43:070][  0]LogMemory: Platform Memory Stats for Windows
[2015.02.22-07.01.43:070][  0]LogMemory: Process Physical Memory: 50.83 MB used, 50.83 MB peak
[2015.02.22-07.01.43:070][  0]LogMemory: Process Virtual Memory: 26.53 MB used, 26.54 MB peak
[2015.02.22-07.01.43:070][  0]LogMemory: Physical Memory: 3846.41 MB used, 8175.22 MB total
[2015.02.22-07.01.43:070][  0]LogMemory: Virtual Memory: 266.40 MB used, 8388608.00 MB total
[2015.02.22-07.01.43:101][  0]LogD3D11RHI: Found D3D11 adapter 0: NVIDIA Quadro FX 1800 (Feature Level 10_0)
[2015.02.22-07.01.43:101][  0]LogD3D11RHI: Adapter has 741MB of dedicated video memory, 0MB of dedicated system memory, and 3583MB of shared system memory, 1 output[s]
[2015.02.22-07.01.43:101][  0]LogD3D11RHI: Chosen D3D11 Adapter Id = 0
[2015.02.22-07.01.43:106][  0]LogRHI: Texture pool is 519 MB (70% of 741 MB)
[2015.02.22-07.01.43:114][  0]LogD3D11RHI: Async texture creation enabled
[2015.02.22-07.01.43:174][  0]LogTextLocalizationManager: The requested culture ('en_US') has no localization data; parent culture's ('en') localization data will be used.
[2015.02.22-07.01.43:339][  0]LogContentStreaming: Texture pool size is 0.000000MB
[2015.02.22-07.01.50:580][  0]LogTargetPlatformManager:Display: Building Assets For Windows
[2015.02.22-07.01.51:096][  0]LogTargetPlatformManager:Display: Building Assets For Windows
[2015.02.22-07.01.51:163][  0]LogDerivedDataCache:Display: Max Cache Size: 512 MB
[2015.02.22-07.01.51:214][  0]LogDerivedDataCache: Loaded boot cache 0.05s 36MB C:/Users/128996/AppData/Local/UnrealEngine/4.6/DerivedDataCache/Boot.ddc.
[2015.02.22-07.01.51:214][  0]LogDerivedDataCache:Display: Loaded Boot cache: C:/Users/128996/AppData/Local/UnrealEngine/4.6/DerivedDataCache/Boot.ddc
[2015.02.22-07.01.51:214][  0]LogDerivedDataCache: FDerivedDataBackendGraph:  Pak pak cache file ../../../../../../Users/128996/Desktop/Blank_Feedwc/Prototype_02/DerivedDataCache/DDC.ddp not found, will not use a pak cache.
[2015.02.22-07.01.51:214][  0]LogDerivedDataCache: Unable to find inner node Pak for hierarchical cache Hierarchy.
[2015.02.22-07.01.51:302][  0]LogDerivedDataCache:Display: Pak cache opened for reading ../../../Engine/DerivedDataCache/DDC.ddp.
[2015.02.22-07.01.51:314][  0]LogDerivedDataCache: Using Local data cache path C:/Users/128996/AppData/Local/UnrealEngine/Common/DerivedDataCache: Writable
[2015.02.22-07.01.51:482][  0]LogCollisionProfile:Warning: Profile (UI) - Custom Channel Name = 'Weapon' hasn't been found
[2015.02.22-07.01.51:662][  0]LogMeshUtilities: No automatic mesh reduction module available
[2015.02.22-07.01.51:662][  0]LogMeshUtilities: No automatic mesh merging module available
[2015.02.22-07.01.52:157][  0]LogInit: WinSock: version 1.1 (2.2), MaxSocks=32767, MaxUdp=65467
[2015.02.22-07.01.52:231][  0]LogSlate:Warning: Failed to load font data from '../../../Engine/Content/Slate/Fonts/Roboto-Italic.ttf'
[2015.02.22-07.01.53:227][  0]UdpMessaging: Initializing bridge on interface 0.0.0.0:0 to multicast group 230.0.0.1:6666.
[2015.02.22-07.01.53:422][  0]LogDirectoryWatcher:Warning: Failed to begin reading directory changes for C:/Users/128996/Desktop/Blank_Feedwc/Prototype_02/Binaries/Win64. Error: 0
[2015.02.22-07.01.53:608][  0]SourceControl: Info Source control is disabled
[2015.02.22-07.01.53:608][  0]SourceControl: Info Source control is disabled
[2015.02.22-07.01.53:617][  0]SourceControl: Info Source control is disabled
[2015.02.22-07.01.53:768][  0]LogObj: 23754 objects as part of root set at end of initial load.
[2015.02.22-07.01.53:768][  0]LogUObjectAllocator: 5168136 out of 0 bytes used by permanent object pool.
[2015.02.22-07.01.53:836][  0]LogEngine: Initializing Engine...
[2015.02.22-07.01.54:008][  0]LogInit: XAudio2 using 'Speakers (Realtek High Definition Audio)' : 2 channels at 48 kHz using 32 bits per sample (channel mask 0x3)
[2015.02.22-07.01.54:031][  0]LogInit: FAudioDevice initialized.
[2015.02.22-07.01.54:056][  0]LogAIModule: Creating AISystem for world NewWorld
[2015.02.22-07.01.54:082][  0]LogDerivedDataCache: Saved boot cache 0.02s 36MB C:/Users/128996/AppData/Local/UnrealEngine/4.6/DerivedDataCache/Boot.ddc.
[2015.02.22-07.01.54:089][  0]LogInit: Texture streaming: Enabled
[2015.02.22-07.01.54:123][  0]LogAnalytics: Creating configured Analytics provider AnalyticsET
[2015.02.22-07.01.54:123][  0]LogAnalytics: ET APIKey = Rocket.Release. APIServer = http://et2.epicgames.com/ET2/. AppVersion = 4.6.1-2386410+++depot+UE4-Releases+4.6
[2015.02.22-07.01.54:124][  0]LogAnalytics: SetUserId 80df66723de4e7d4b02618ad1ceb4287
[2015.02.22-07.01.54:124][  0]LogAnalytics: AnalyticsET::StartSession [Rocket.Release]
[2015.02.22-07.01.54:145][  0]LogInit: Transaction tracking system initialized
[2015.02.22-07.01.54:263][  0]BlueprintLog: New page: Editor Load
[2015.02.22-07.01.54:297][  0]LogAssetRegistry: FAssetRegistry took 0.0097 seconds to start up
[2015.02.22-07.01.54:297][  0]LogDirectoryWatcher:Warning: Failed to begin reading directory changes for ../../../Engine/Plugins/Experimental/CharacterAI/Content/. Error: 0
[2015.02.22-07.01.54:866][  0]LogTargetPlatformManager:Display: Building Assets For Windows
[2015.02.22-07.01.55:277][  0]LogTargetPlatformManager:Display: Building Assets For Windows
[2015.02.22-07.01.55:539][  0]LogConsoleResponse:Display: 
[2015.02.22-07.01.55:597][  0]LogLinker:Warning: Asset '../../../Engine/Content/Functions/Engine_MaterialFunctions03/Procedurals/ComputeFilterWidth.uasset' has been saved with empty engine version. The asset will be loaded but may be incompatible.
[2015.02.22-07.01.55:835][  0]SourceControl: Info Source control is disabled
[2015.02.22-07.01.55:835][  0]Cmd: MAP LOAD FILE="../../../../../../Users/128996/Desktop/Blank_Feedwc/Prototype_02/Content/Maps/Example_Map.umap" TEMPLATE=0 SHOWPROGRESS=1
[2015.02.22-07.01.55:838][  0]LightingResults: New page: Lighting Build
[2015.02.22-07.01.55:850][  0]MapCheck: New page: Map Check
[2015.02.22-07.01.55:850][  0]LightingResults: New page: Lighting Build
[2015.02.22-07.01.55:859][  0]LogParticles: Destroying 0 GPU particle simulations for FXSystem 0x0000000012FEB6A0
[2015.02.22-07.01.56:528][  0]LogEditorServer: Finished looking for orphan Actors (0.000 secs)
[2015.02.22-07.01.56:528][  0]LogAIModule: Creating AISystem for world Example_Map
[2015.02.22-07.01.56:529][  0]Cmd: MAP CHECKDEP
[2015.02.22-07.01.56:529][  0]MapCheck: New page: Example_Map - Feb 21, 2015, 3:01:56 PM
[2015.02.22-07.01.56:642][  0]MapCheck: Info Map check complete: 0 Error(s), 0 Warning(s), took 113.693ms to complete.
[2015.02.22-07.01.56:643][  0]LogFileHelpers: Loading map 'Example_Map' took 0.807
[2015.02.22-07.01.56:734][  0]LogCollectionManager: Loaded 0 collections in 0.001221 seconds
[2015.02.22-07.01.56:861][  0]LogCrashTracker: Crashtracker disabled due to settings.
[2015.02.22-07.01.56:868][  0]LogUObjectGlobals:Warning: Failed to find object 'Class None.'
[2015.02.22-07.01.56:894][  0]LogLoad: Full Startup: 16.17 seconds (BP compile: 0.12 seconds)
[2015.02.22-07.01.56:908][  0]LogContentBrowser:Verbose: The content browser source was changed by the sources view to '/Game/Blueprints'
[2015.02.22-07.01.57:074][  0]LogRenderer:Warning: Reallocating scene render targets to support 1136x904.
[2015.02.22-07.01.57:315][  3]LogAssetRegistry: Asset discovery search completed in 3.0282 seconds
[2015.02.22-07.01.57:323][  3]LogAnalytics: Event Editor.Usage.AssetClasses has too many attributes (41). May be truncated at the collector.
[2015.02.22-07.02.12:171][502]BlueprintLog: New page: Pre-PIE auto-recompile
[2015.02.22-07.02.12:171][502]LogPlayLevel: [PIE] Compiling Example_Map before PIE...
[2015.02.22-07.02.12:344][502]LogPlayLevel: PIE:  Blueprint regeneration took 173 ms (1 blueprints)
[2015.02.22-07.02.12:344][502]PIE: New page: PIE session: Example_Map (Feb 21, 2015, 3:02:12 PM)
[2015.02.22-07.02.12:405][502]LogPlayLevel: PIE: StaticDuplicateObject took: (0.060237s)
[2015.02.22-07.02.12:406][502]LogPlayLevel: PIE: World Init took: (0.001161s)
[2015.02.22-07.02.12:406][502]LogPlayLevel: PIE: Created PIE world by copying editor world from /Game/Maps/Example_Map.Example_Map to /Game/Maps/UEDPIE_0_Example_Map.Example_Map (0.061650s)
[2015.02.22-07.02.12:520][502]LogLinker:Warning: Can't find file '/Game/MixamoAnimPack/MixamoCharacter_Master'
[2015.02.22-07.02.12:520][502]LogLinker:Warning: Can't find file for asset '/Game/MixamoAnimPack/MixamoCharacter_Master' while loading ../../../../../../Users/128996/Desktop/Blank_Feedwc/Prototype_02/Content/MixamoAnimPack/Mixamo_Adam/Anims/MixamoAnimBP_Adam.uasset.
[2015.02.22-07.02.12:520][502]LoadErrors:Error: Error /Game/MixamoAnimPack/Mixamo_Adam/Anims/MixamoAnimBP_Adam : Can't find file for asset. /Game/MixamoAnimPack/MixamoCharacter_Master
[2015.02.22-07.02.12:520][502]LogLinker:Warning: Can't find file '/Game/MixamoAnimPack/MixamoCharacter_Master'
[2015.02.22-07.02.12:521][502]LogLinker:Warning: Can't find file for asset '/Game/MixamoAnimPack/MixamoCharacter_Master' while loading ../../../../../../Users/128996/Desktop/Blank_Feedwc/Prototype_02/Content/MixamoAnimPack/Mixamo_Adam/Anims/MixamoAnimBP_Adam.uasset.
[2015.02.22-07.02.12:521][502]LogLinker:Warning: Can't find file '/Game/MixamoAnimPack/MixamoCharacter_Master'
[2015.02.22-07.02.12:521][502]LogLinker:Warning: Can't find file for asset '/Game/MixamoAnimPack/MixamoCharacter_Master' while loading ../../../../../../Users/128996/Desktop/Blank_Feedwc/Prototype_02/Content/MixamoAnimPack/Mixamo_Adam/Anims/MixamoAnimBP_Adam.uasset.
[2015.02.22-07.02.12:531][502]LogLinker:Warning: Can't find file '/Game/MixamoAnimPack/MixamoCharacter_Master'
[2015.02.22-07.02.12:531][502]LogLinker:Warning: Can't find file for asset '/Game/MixamoAnimPack/MixamoCharacter_Master' while loading ../../../../../../Users/128996/Desktop/Blank_Feedwc/Prototype_02/Content/MixamoAnimPack/Mixamo_Adam/Anims/MixamoAnimBP_Adam.uasset.
[2015.02.22-07.02.12:540][502]LogLinker:Warning: Can't find file '/Game/MixamoAnimPack/MixamoCharacter_Master'
[2015.02.22-07.02.12:540][502]LoadErrors: Info Failed to load /Game/MixamoAnimPack/MixamoCharacter_Master.MixamoCharacter_Master_C Referenced by K2Node_DynamicCast_AsMixamoCharacter_Master_C
[2015.02.22-07.02.12:541][502]LogLinker:Warning: Can't find file for asset '/Game/MixamoAnimPack/MixamoCharacter_Master' while loading ../../../../../../Users/128996/Desktop/Blank_Feedwc/Prototype_02/Content/Blueprints/MyCharacter.uasset.
[2015.02.22-07.02.12:541][502]LoadErrors:Error: Error /Game/Blueprints/MyCharacter : Can't find file for asset. /Game/MixamoAnimPack/MixamoCharacter_Master
[2015.02.22-07.02.12:548][502]LogLinker:Warning: Can't find file '/Game/MixamoAnimPack/MixamoCharacter_Master'
[2015.02.22-07.02.12:548][502]LoadErrors: Info Failed to load /Game/MixamoAnimPack/MixamoCharacter_Master.MixamoCharacter_Master_C Referenced by K2Node_DynamicCast_120
[2015.02.22-07.02.12:548][502]LogLinker:Warning: Can't find file for asset '/Game/MixamoAnimPack/MixamoCharacter_Master' while loading ../../../../../../Users/128996/Desktop/Blank_Feedwc/Prototype_02/Content/Blueprints/MyCharacter.uasset.
[2015.02.22-07.02.12:550][502]LogLinker:Warning: Can't find file '/Game/MixamoAnimPack/MixamoCharacter_Master'
[2015.02.22-07.02.12:550][502]LoadErrors: Info Failed to load /Game/MixamoAnimPack/MixamoCharacter_Master.MixamoCharacter_Master_C Referenced by EdGraphPin_6657
[2015.02.22-07.02.12:550][502]LogLinker:Warning: Can't find file for asset '/Game/MixamoAnimPack/MixamoCharacter_Master' while loading ../../../../../../Users/128996/Desktop/Blank_Feedwc/Prototype_02/Content/Blueprints/MyCharacter.uasset.
[2015.02.22-07.02.12:552][502]LogLinker:Warning: Can't find file '/Game/MixamoAnimPack/MixamoCharacter_Master'
[2015.02.22-07.02.12:552][502]LoadErrors: Info Failed to load /Game/MixamoAnimPack/MixamoCharacter_Master.MixamoCharacter_Master_C Referenced by K2Node_VariableGet_1007
[2015.02.22-07.02.12:552][502]LogLinker:Warning: Can't find file for asset '/Game/MixamoAnimPack/MixamoCharacter_Master' while loading ../../../../../../Users/128996/Desktop/Blank_Feedwc/Prototype_02/Content/Blueprints/MyCharacter.uasset.
[2015.02.22-07.02.12:553][502]LogLinker:Warning: Can't find file '/Game/MixamoAnimPack/MixamoCharacter_Master'
[2015.02.22-07.02.12:553][502]LoadErrors: Info Failed to load /Game/MixamoAnimPack/MixamoCharacter_Master.MixamoCharacter_Master_C Referenced by EdGraphPin_6669
[2015.02.22-07.02.12:553][502]LogLinker:Warning: Can't find file for asset '/Game/MixamoAnimPack/MixamoCharacter_Master' while loading ../../../../../../Users/128996/Desktop/Blank_Feedwc/Prototype_02/Content/Blueprints/MyCharacter.uasset.
[2015.02.22-07.02.12:559][502]LogLinker:Warning: Can't find file '/Game/MixamoAnimPack/MixamoCharacter_Master'
[2015.02.22-07.02.12:559][502]LoadErrors: Info Failed to load /Game/MixamoAnimPack/MixamoCharacter_Master.MixamoCharacter_Master_C Referenced by K2Node_VariableGet_1157
[2015.02.22-07.02.12:559][502]LogLinker:Warning: Can't find file for asset '/Game/MixamoAnimPack/MixamoCharacter_Master' while loading ../../../../../../Users/128996/Desktop/Blank_Feedwc/Prototype_02/Content/Blueprints/MyCharacter.uasset.
[2015.02.22-07.02.12:560][502]LogLinker:Warning: Can't find file '/Game/MixamoAnimPack/MixamoCharacter_Master'
[2015.02.22-07.02.12:560][502]LoadErrors: Info Failed to load /Game/MixamoAnimPack/MixamoCharacter_Master.MixamoCharacter_Master_C Referenced by EdGraphPin_6675
[2015.02.22-07.02.12:560][502]LogLinker:Warning: Can't find file for asset '/Game/MixamoAnimPack/MixamoCharacter_Master' while loading ../../../../../../Users/128996/Desktop/Blank_Feedwc/Prototype_02/Content/Blueprints/MyCharacter.uasset.
[2015.02.22-07.02.12:631][502]LogBlueprint:Warning: [MixamoAnimBP_Adam] CreatePinForVariable: 'attacking?' variable not found. Base class was probably changed.
[2015.02.22-07.02.12:634][502]LogBlueprint:Warning: [MixamoAnimBP_Adam] CreatePinForVariable: 'bJumpButtonDown' variable not found. Base class was probably changed.
[2015.02.22-07.02.12:665][502]LogBlueprint:Warning: [compiler] Warning Could not find a variable named "bJumpButtonDown" in 'MixamoAnimBP_Adam'.
Make sure 'MixamoAnimBP_Adam' has been compiled for  Get bJumpButtonDown 
[2015.02.22-07.02.12:666][502]LogBlueprint:Warning: [compiler] Warning Could not find a variable named "attacking?" in 'MixamoAnimBP_Adam'.
Make sure 'MixamoAnimBP_Adam' has been compiled for  Get attacking? 
[2015.02.22-07.02.12:669][502]LogBlueprint:Error: [compiler] Error ' Target ' must have a connection
[2015.02.22-07.02.12:669][502]LogBlueprint:Error: [compiler] Error ' Target ' must have a connection
[2015.02.22-07.02.12:670][502]LogBlueprint:Error: [compiler] Error The property associated with  Attacking?  could not be found
[2015.02.22-07.02.12:671][502]LogBlueprint:Error: [compiler] Error The property associated with  Jump Button Down  could not be found
[2015.02.22-07.02.12:689][502]LogBlueprint:Warning: [compiler] Warning [0031.97] Compile of MixamoAnimBP_Adam failed. 4 Fatal Issue(s) 2 Warning(s) [in 54 ms]
[2015.02.22-07.02.12:973][502]BlueprintLog:Warning: Warning Blueprint MyHUD has been migrated and requires re-saving to avoid import errors
[2015.02.22-07.02.12:975][502]BlueprintLog:Warning: Warning Blueprint MyGame has been migrated and requires re-saving to avoid import errors
[2015.02.22-07.02.12:977][502]LogWorld: Game class is 'MyGame_C'
[2015.02.22-07.02.12:980][502]LogAIModule: Creating AISystem for world Example_Map
[2015.02.22-07.02.12:982][502]LogWorld: Bringing World /Game/Maps/UEDPIE_0_Example_Map.Example_Map up for play (max tick rate 0) at 2015.02.21-23.02.12
[2015.02.22-07.02.12:983][502]LogWorld: Bringing up level for play took: 0.002351
[2015.02.22-07.02.12:985][502]PIE: Info Play in editor start time for /Game/Maps/UEDPIE_0_Example_Map 1.134
[2015.02.22-07.02.28:763][907]LogActorComponent: UnregisterComponent: (/Engine/Transient.CharacterMovementComponent_0) Not registered. Aborting.
[2015.02.22-07.02.28:814][908]LogParticles: Destroying 0 GPU particle simulations for FXSystem 0x000000000C4FA660
[2015.02.22-07.02.30:248][951]LogContentBrowser:Verbose: The content browser source was changed by the sources view to '/Game/MixamoAnimPack'
[2015.02.22-07.02.32:354][ 39]LogContentBrowser:Verbose: The content browser source was changed by the sources view to '/Game/MixamoAnimPack/Mixamo_Adam'
[2015.02.22-07.02.36:772][191]LogLinker:Warning: Can't find file '/Game/MixamoAnimPack/MixamoCharacter_Master'
[2015.02.22-07.02.36:773][191]LogLinker:Warning: Can't find file for asset '/Game/MixamoAnimPack/MixamoCharacter_Master' while loading ../../../../../../Users/128996/Desktop/Blank_Feedwc/Prototype_02/Content/MixamoAnimPack/Mixamo_Adam/Mixamo_Adam.uasset.
[2015.02.22-07.02.36:773][191]LoadErrors:Error: Error /Game/MixamoAnimPack/Mixamo_Adam/Mixamo_Adam : Can't find file for asset. /Game/MixamoAnimPack/MixamoCharacter_Master
[2015.02.22-07.02.36:773][191]LogLinker:Warning: Can't find file '/Game/MixamoAnimPack/MixamoCharacter_Master'
[2015.02.22-07.02.36:773][191]LogLinker:Warning: Can't find file for asset '/Game/MixamoAnimPack/MixamoCharacter_Master' while loading ../../../../../../Users/128996/Desktop/Blank_Feedwc/Prototype_02/Content/MixamoAnimPack/Mixamo_Adam/Mixamo_Adam.uasset.
[2015.02.22-07.02.36:774][191]LogLinker:Warning: Can't find file '/Game/MixamoAnimPack/MixamoCharacter_Master'
[2015.02.22-07.02.36:774][191]LogLinker:Warning: Can't find file for asset '/Game/MixamoAnimPack/MixamoCharacter_Master' while loading ../../../../../../Users/128996/Desktop/Blank_Feedwc/Prototype_02/Content/MixamoAnimPack/Mixamo_Adam/Mixamo_Adam.uasset.
[2015.02.22-07.02.36:774][191]LogLinker:Warning: Can't find file '/Game/MixamoAnimPack/MixamoCharacter_Master'
[2015.02.22-07.02.36:775][191]LogLinker:Warning: Can't find file for asset '/Game/MixamoAnimPack/MixamoCharacter_Master' while loading ../../../../../../Users/128996/Desktop/Blank_Feedwc/Prototype_02/Content/MixamoAnimPack/Mixamo_Adam/Mixamo_Adam.uasset.
[2015.02.22-07.02.36:777][191]LogLinker:Warning: Can't find file '/Game/MixamoAnimPack/MixamoCharacter_Master'
[2015.02.22-07.02.36:778][191]LogLinker:Warning: Can't find file for asset '/Game/MixamoAnimPack/MixamoCharacter_Master' while loading ../../../../../../Users/128996/Desktop/Blank_Feedwc/Prototype_02/Content/MixamoAnimPack/Mixamo_Adam/Mixamo_Adam.uasset.
[2015.02.22-07.02.36:778][191]LogLinker:Warning: Can't find file '/Game/MixamoAnimPack/MixamoCharacter_Master'
[2015.02.22-07.02.36:778][191]LogLinker:Warning: Can't find file for asset '/Game/MixamoAnimPack/MixamoCharacter_Master' while loading ../../../../../../Users/128996/Desktop/Blank_Feedwc/Prototype_02/Content/MixamoAnimPack/Mixamo_Adam/Mixamo_Adam.uasset.
[2015.02.22-07.02.36:779][191]LogLinker:Warning: Can't find file '/Game/MixamoAnimPack/MixamoCharacter_Master'
[2015.02.22-07.02.36:779][191]LogLinker:Warning: Can't find file for asset '/Game/MixamoAnimPack/MixamoCharacter_Master' while loading ../../../../../../Users/128996/Desktop/Blank_Feedwc/Prototype_02/Content/MixamoAnimPack/Mixamo_Adam/Mixamo_Adam.uasset.
[2015.02.22-07.02.36:780][191]LogLinker:Warning: Can't find file '/Game/MixamoAnimPack/MixamoCharacter_Master'
[2015.02.22-07.02.36:781][191]LogLinker:Warning: Can't find file for asset '/Game/MixamoAnimPack/MixamoCharacter_Master' while loading ../../../../../../Users/128996/Desktop/Blank_Feedwc/Prototype_02/Content/MixamoAnimPack/Mixamo_Adam/Mixamo_Adam.uasset.
[2015.02.22-07.02.36:781][191]LogLinker:Warning: Can't find file '/Game/MixamoAnimPack/MixamoCharacter_Master'
[2015.02.22-07.02.36:782][191]LogLinker:Warning: Can't find file for asset '/Game/MixamoAnimPack/MixamoCharacter_Master' while loading NULL.
[2015.02.22-07.02.36:800][191]LogLinker:Warning: CreateExport: Failed to load Parent for BlueprintGeneratedClass /Game/MixamoAnimPack/Mixamo_Adam/Mixamo_Adam.Mixamo_Adam_C
[2015.02.22-07.02.36:800][191]LogLinker:Warning: CreateExport: Failed to load Outer for resource 'ExecuteUbergraph_Mixamo_Adam': BlueprintGeneratedClass /Game/MixamoAnimPack/Mixamo_Adam/Mixamo_Adam.Mixamo_Adam_C
[2015.02.22-07.02.36:800][191]LogLinker:Warning: CreateExport: Failed to load Outer for resource 'EntryPoint': Function /Game/MixamoAnimPack/Mixamo_Adam/Mixamo_Adam.Mixamo_Adam_C:ExecuteUbergraph_Mixamo_Adam
[2015.02.22-07.02.36:801][191]LogLinker:Warning: Can't find file '/Game/MixamoAnimPack/MixamoCharacter_Master'
[2015.02.22-07.02.36:801][191]LogLinker:Warning: Can't find file for asset '/Game/MixamoAnimPack/MixamoCharacter_Master' while loading NULL.
[2015.02.22-07.02.36:801][191]LogLinker:Warning: Can't find file '/Game/MixamoAnimPack/MixamoCharacter_Master'
[2015.02.22-07.02.36:802][191]LogLinker:Warning: Can't find file for asset '/Game/MixamoAnimPack/MixamoCharacter_Master' while loading NULL.
[2015.02.22-07.02.36:802][191]LogLinker:Warning: CreateExport: Failed to load Parent for BlueprintGeneratedClass /Game/MixamoAnimPack/Mixamo_Adam/Mixamo_Adam.Mixamo_Adam_C
[2015.02.22-07.02.36:802][191]LogLinker:Warning: Can't find file '/Game/MixamoAnimPack/MixamoCharacter_Master'
[2015.02.22-07.02.36:802][191]LogLinker:Warning: Can't find file for asset '/Game/MixamoAnimPack/MixamoCharacter_Master' while loading NULL.
[2015.02.22-07.02.36:802][191]LogLinker:Warning: CreateExport: Failed to load Parent for BlueprintGeneratedClass /Game/MixamoAnimPack/Mixamo_Adam/Mixamo_Adam.Mixamo_Adam_C
[2015.02.22-07.02.36:802][191]LogLinker:Warning: CreateExport: Failed to load Outer for resource 'UserConstructionScript': BlueprintGeneratedClass /Game/MixamoAnimPack/Mixamo_Adam/Mixamo_Adam.Mixamo_Adam_C
[2015.02.22-07.02.36:803][191]LogLinker:Warning: Can't find file '/Game/MixamoAnimPack/MixamoCharacter_Master'
[2015.02.22-07.02.36:803][191]LogLinker:Warning: Can't find file for asset '/Game/MixamoAnimPack/MixamoCharacter_Master' while loading NULL.
[2015.02.22-07.02.36:803][191]LogLinker:Warning: CreateExport: Failed to load Parent for BlueprintGeneratedClass /Game/MixamoAnimPack/Mixamo_Adam/Mixamo_Adam.Mixamo_Adam_C
[2015.02.22-07.02.36:803][191]LogLinker:Warning: Can't find file '/Game/MixamoAnimPack/MixamoCharacter_Master'
[2015.02.22-07.02.36:803][191]LogLinker:Warning: Can't find file for asset '/Game/MixamoAnimPack/MixamoCharacter_Master' while loading NULL.
[2015.02.22-07.02.36:804][191]LogLinker:Warning: CreateExport: Failed to load Parent for BlueprintGeneratedClass /Game/MixamoAnimPack/Mixamo_Adam/Mixamo_Adam.Mixamo_Adam_C
[2015.02.22-07.02.36:804][191]LogLinker:Warning: Can't find file '/Game/MixamoAnimPack/MixamoCharacter_Master'
[2015.02.22-07.02.36:804][191]LogLinker:Warning: Can't find file for asset '/Game/MixamoAnimPack/MixamoCharacter_Master' while loading NULL.
[2015.02.22-07.02.36:804][191]LogLinker:Warning: CreateExport: Failed to load Parent for BlueprintGeneratedClass /Game/MixamoAnimPack/Mixamo_Adam/Mixamo_Adam.Mixamo_Adam_C
[2015.02.22-07.02.36:804][191]LogLinker:Warning: CreateExport: Failed to load Outer for resource 'Arrow': Mixamo_Adam_C /Game/MixamoAnimPack/Mixamo_Adam/Mixamo_Adam.Default__Mixamo_Adam_C
[2015.02.22-07.02.36:805][191]LogLinker:Warning: Can't find file '/Game/MixamoAnimPack/MixamoCharacter_Master'
[2015.02.22-07.02.36:805][191]LogLinker:Warning: Can't find file for asset '/Game/MixamoAnimPack/MixamoCharacter_Master' while loading NULL.
[2015.02.22-07.02.36:805][191]LogLinker:Warning: CreateExport: Failed to load Parent for BlueprintGeneratedClass /Game/MixamoAnimPack/Mixamo_Adam/Mixamo_Adam.Mixamo_Adam_C
[2015.02.22-07.02.36:805][191]LogLinker:Warning: CreateExport: Failed to load Outer for resource 'CollisionCylinder': Mixamo_Adam_C /Game/MixamoAnimPack/Mixamo_Adam/Mixamo_Adam.Default__Mixamo_Adam_C
[2015.02.22-07.02.36:806][191]LogLinker:Warning: Can't find file '/Game/MixamoAnimPack/MixamoCharacter_Master'
[2015.02.22-07.02.36:806][191]LogLinker:Warning: Can't find file for asset '/Game/MixamoAnimPack/MixamoCharacter_Master' while loading NULL.
[2015.02.22-07.02.36:806][191]LogLinker:Warning: CreateExport: Failed to load Parent for BlueprintGeneratedClass /Game/MixamoAnimPack/Mixamo_Adam/Mixamo_Adam.Mixamo_Adam_C
[2015.02.22-07.02.36:806][191]LogLinker:Warning: CreateExport: Failed to load Outer for resource 'CharMoveComp': Mixamo_Adam_C /Game/MixamoAnimPack/Mixamo_Adam/Mixamo_Adam.Default__Mixamo_Adam_C
[2015.02.22-07.02.36:807][191]LogLinker:Warning: Can't find file '/Game/MixamoAnimPack/MixamoCharacter_Master'
[2015.02.22-07.02.36:807][191]LogLinker:Warning: Can't find file for asset '/Game/MixamoAnimPack/MixamoCharacter_Master' while loading NULL.
[2015.02.22-07.02.36:807][191]LogLinker:Warning: CreateExport: Failed to load Parent for BlueprintGeneratedClass /Game/MixamoAnimPack/Mixamo_Adam/Mixamo_Adam.Mixamo_Adam_C
[2015.02.22-07.02.36:807][191]LogLinker:Warning: CreateExport: Failed to load Outer for resource 'SceneComponent_0': BlueprintGeneratedClass /Game/MixamoAnimPack/Mixamo_Adam/Mixamo_Adam.Mixamo_Adam_C
[2015.02.22-07.02.36:808][191]LogLinker:Warning: Can't find file '/Game/MixamoAnimPack/MixamoCharacter_Master'
[2015.02.22-07.02.36:808][191]LogLinker:Warning: Can't find file for asset '/Game/MixamoAnimPack/MixamoCharacter_Master' while loading NULL.
[2015.02.22-07.02.36:808][191]LogLinker:Warning: CreateExport: Failed to load Parent for BlueprintGeneratedClass /Game/MixamoAnimPack/Mixamo_Adam/Mixamo_Adam.Mixamo_Adam_C
[2015.02.22-07.02.36:809][191]LogLinker:Warning: CreateExport: Failed to load Outer for resource 'SimpleConstructionScript_0': BlueprintGeneratedClass /Game/MixamoAnimPack/Mixamo_Adam/Mixamo_Adam.Mixamo_Adam_C
[2015.02.22-07.02.36:809][191]LogLinker:Warning: CreateExport: Failed to load Outer for resource 'SCS_Node_0': SimpleConstructionScript /Game/MixamoAnimPack/Mixamo_Adam/Mixamo_Adam.Mixamo_Adam_C:SimpleConstructionScript_0
[2015.02.22-07.02.36:809][191]LogLinker:Warning: Can't find file '/Game/MixamoAnimPack/MixamoCharacter_Master'
[2015.02.22-07.02.36:809][191]LogLinker:Warning: Can't find file for asset '/Game/MixamoAnimPack/MixamoCharacter_Master' while loading NULL.
[2015.02.22-07.02.36:809][191]LogLinker:Warning: CreateExport: Failed to load Parent for BlueprintGeneratedClass /Game/MixamoAnimPack/Mixamo_Adam/Mixamo_Adam.Mixamo_Adam_C
[2015.02.22-07.02.36:809][191]LogLinker:Warning: CreateExport: Failed to load Outer for resource 'CharacterMesh0': Mixamo_Adam_C /Game/MixamoAnimPack/Mixamo_Adam/Mixamo_Adam.Default__Mixamo_Adam_C
[2015.02.22-07.02.36:810][191]LogLinker:Warning: Can't find file '/Game/MixamoAnimPack/MixamoCharacter_Master'
[2015.02.22-07.02.36:810][191]LoadErrors: Info Failed to load /Game/MixamoAnimPack/MixamoCharacter_Master.MixamoCharacter_Master_C Referenced by Mixamo_Adam
[2015.02.22-07.02.36:810][191]LogLinker:Warning: Can't find file for asset '/Game/MixamoAnimPack/MixamoCharacter_Master' while loading NULL.
[2015.02.22-07.02.36:811][191]LogLinker:Warning: Can't find file '/Game/MixamoAnimPack/MixamoCharacter_Master'
[2015.02.22-07.02.36:811][191]LogLinker:Warning: Can't find file for asset '/Game/MixamoAnimPack/MixamoCharacter_Master' while loading NULL.
[2015.02.22-07.02.36:811][191]LogLinker:Warning: CreateExport: Failed to load Parent for BlueprintGeneratedClass /Game/MixamoAnimPack/Mixamo_Adam/Mixamo_Adam.Mixamo_Adam_C
[2015.02.22-07.02.36:811][191]LogLinker:Warning: Can't find file '/Game/MixamoAnimPack/MixamoCharacter_Master'
[2015.02.22-07.02.36:812][191]LoadErrors: Info Failed to load /Game/MixamoAnimPack/MixamoCharacter_Master.MixamoCharacter_Master_C Referenced by K2Node_CallParentFunction_1
[2015.02.22-07.02.36:812][191]LogLinker:Warning: Can't find file for asset '/Game/MixamoAnimPack/MixamoCharacter_Master' while loading NULL.
[2015.02.22-07.02.36:812][191]LogLinker:Warning: Can't find file '/Game/MixamoAnimPack/MixamoCharacter_Master'
[2015.02.22-07.02.36:813][191]LoadErrors: Info Failed to load /Game/MixamoAnimPack/MixamoCharacter_Master.MixamoCharacter_Master_C Referenced by PackageMetaData
[2015.02.22-07.02.36:813][191]LogLinker:Warning: Can't find file for asset '/Game/MixamoAnimPack/MixamoCharacter_Master' while loading NULL.
[2015.02.22-07.02.36:813][191]LogLinker:Warning: CreateExport: Failed to load Parent for BlueprintGeneratedClass /Game/MixamoAnimPack/Mixamo_Adam/Mixamo_Adam.Mixamo_Adam_C
[2015.02.22-07.03.27:986][898]LogActorComponent: UnregisterComponent: (/Engine/Transient.CharacterMovementComponent_1) Not registered. Aborting.
[2015.02.22-07.03.28:707][899]Cmd: QUIT_EDITOR
[2015.02.22-07.03.29:169][899]LogExit: Preparing to exit.
[2015.02.22-07.03.30:289][899]LogExit: Editor shut down
[2015.02.22-07.03.30:289][899]LogExit: Transaction tracking system shut down
[2015.02.22-07.03.30:289][899]LogParticles: Destroying 0 GPU particle simulations for FXSystem 0x000000001E948AE0
[2015.02.22-07.03.30:290][899]LogParticles: Destroying 0 GPU particle simulations for FXSystem 0x000000000C273880
[2015.02.22-07.03.30:321][899]LogParticles: Destroying 0 GPU particle simulations for FXSystem 0x0000000003C2C7C0
[2015.02.22-07.03.30:321][899]LogExit: Object subsystem successfully closed.
[2015.02.22-07.03.30:381][899]LogModuleManager: Shutting down and abandoning module AndroidDeviceDetection (172)
[2015.02.22-07.03.30:381][899]LogModuleManager: Shutting down and abandoning module CrashTracker (171)
[2015.02.22-07.03.30:381][899]LogModuleManager: Shutting down and abandoning module SuperSearch (170)
[2015.02.22-07.03.30:381][899]LogModuleManager: Shutting down and abandoning module SceneOutliner (169)
[2015.02.22-07.03.30:381][899]LogModuleManager: Shutting down and abandoning module EditorWidgets (168)
[2015.02.22-07.03.30:381][899]LogModuleManager: Shutting down and abandoning module CollectionManager (167)
[2015.02.22-07.03.30:382][899]LogModuleManager: Shutting down and abandoning module StatsViewer (166)
[2015.02.22-07.03.30:382][899]LogModuleManager: Shutting down and abandoning module FoliageEdit (165)
[2015.02.22-07.03.30:382][899]LogModuleManager: Shutting down and abandoning module LandscapeEditor (164)
[2015.02.22-07.03.30:382][899]LogModuleManager: Shutting down and abandoning module MeshPaint (163)
[2015.02.22-07.03.30:382][899]LogModuleManager: Shutting down and abandoning module ActorPickerMode (162)
[2015.02.22-07.03.30:382][899]LogModuleManager: Shutting down and abandoning module GeometryMode (161)
[2015.02.22-07.03.30:382][899]LogModuleManager: Shutting down and abandoning module TextureAlignMode (160)
[2015.02.22-07.03.30:382][899]LogModuleManager: Shutting down and abandoning module BspMode (159)
[2015.02.22-07.03.30:382][899]LogModuleManager: Shutting down and abandoning module PlacementMode (158)
[2015.02.22-07.03.30:382][899]LogModuleManager: Shutting down and abandoning module AutomationWorker (157)
[2015.02.22-07.03.30:382][899]LogModuleManager: Shutting down and abandoning module CharacterAI (156)
[2015.02.22-07.03.30:382][899]LogModuleManager: Shutting down and abandoning module GameProjectGeneration (155)
[2015.02.22-07.03.30:382][899]LogModuleManager: Shutting down and abandoning module IntroTutorials (154)
[2015.02.22-07.03.30:382][899]LogModuleManager: Shutting down and abandoning module EditorLiveStreaming (153)
[2015.02.22-07.03.30:382][899]LogModuleManager: Shutting down and abandoning module HardwareTargeting (152)
[2015.02.22-07.03.30:382][899]LogModuleManager: Shutting down and abandoning module DeviceProfileEditor (151)
[2015.02.22-07.03.30:382][899]LogModuleManager: Shutting down and abandoning module UndoHistory (150)
[2015.02.22-07.03.30:382][899]LogModuleManager: Shutting down and abandoning module GameplayTagsEditor (149)
[2015.02.22-07.03.30:382][899]LogModuleManager: Shutting down and abandoning module UserFeedback (148)
[2015.02.22-07.03.30:382][899]LogModuleManager: Shutting down and abandoning module XmlParser (147)
[2015.02.22-07.03.30:382][899]LogModuleManager: Shutting down and abandoning module Blutility (146)
[2015.02.22-07.03.30:382][899]LogModuleManager: Shutting down and abandoning module IOSPlatformEditor (145)
[2015.02.22-07.03.30:382][899]LogModuleManager: Shutting down and abandoning module IOSRuntimeSettings (144)
[2015.02.22-07.03.30:382][899]LogModuleManager: Shutting down and abandoning module AndroidPlatformEditor (143)
[2015.02.22-07.03.30:382][899]LogModuleManager: Shutting down and abandoning module AndroidRuntimeSettings (142)
[2015.02.22-07.03.30:382][899]LogModuleManager: Shutting down and abandoning module ProjectTargetPlatformEditor (141)
[2015.02.22-07.03.30:382][899]LogModuleManager: Shutting down and abandoning module ProjectSettingsViewer (140)
[2015.02.22-07.03.30:382][899]LogModuleManager: Shutting down and abandoning module InputBindingEditor (139)
[2015.02.22-07.03.30:382][899]LogModuleManager: Shutting down and abandoning module EditorSettingsViewer (138)
[2015.02.22-07.03.30:383][899]LogModuleManager: Shutting down and abandoning module SettingsEditor (137)
[2015.02.22-07.03.30:383][899]LogModuleManager: Shutting down and abandoning module ProjectLauncher (136)
[2015.02.22-07.03.30:383][899]LogModuleManager: Shutting down and abandoning module SessionFrontend (135)
[2015.02.22-07.03.30:383][899]LogModuleManager: Shutting down and abandoning module ProfilerClient (134)
[2015.02.22-07.03.30:383][899]LogModuleManager: Shutting down and abandoning module TargetDeviceServices (133)
[2015.02.22-07.03.30:383][899]LogModuleManager: Shutting down and abandoning module DeviceManager (132)
[2015.02.22-07.03.30:383][899]LogModuleManager: Shutting down and abandoning module AutomationController (131)
[2015.02.22-07.03.30:383][899]LogModuleManager: Shutting down and abandoning module AutomationWindow (130)
[2015.02.22-07.03.30:383][899]LogModuleManager: Shutting down and abandoning module Layers (129)
[2015.02.22-07.03.30:383][899]LogModuleManager: Shutting down and abandoning module ComponentVisualizers (128)
[2015.02.22-07.03.30:383][899]LogModuleManager: Shutting down and abandoning module DetailCustomizations (127)
[2015.02.22-07.03.30:383][899]LogModuleManager: Shutting down and abandoning module PackagesDialog (126)
[2015.02.22-07.03.30:383][899]LogModuleManager: Shutting down and abandoning module AssetRegistry (125)
[2015.02.22-07.03.30:410][899]LogModuleManager: Shutting down and abandoning module Persona (124)
[2015.02.22-07.03.30:410][899]LogModuleManager: Shutting down and abandoning module Kismet (123)
[2015.02.22-07.03.30:410][899]LogModuleManager: Shutting down and abandoning module GraphEditor (122)
[2015.02.22-07.03.30:410][899]LogModuleManager: Shutting down and abandoning module ClassViewer (121)
[2015.02.22-07.03.30:410][899]LogModuleManager: Shutting down and abandoning module Toolbox (120)
[2015.02.22-07.03.30:410][899]LogModuleManager: Shutting down and abandoning module ModuleUI (119)
[2015.02.22-07.03.30:410][899]LogModuleManager: Shutting down and abandoning module MovieSceneTools (118)
[2015.02.22-07.03.30:410][899]LogModuleManager: Shutting down and abandoning module OutputLog (117)
[2015.02.22-07.03.30:410][899]LogModuleManager: Shutting down and abandoning module GammaUI (116)
[2015.02.22-07.03.30:410][899]LogModuleManager: Shutting down and abandoning module Documentation (115)
[2015.02.22-07.03.30:410][899]LogModuleManager: Shutting down and abandoning module GameLiveStreaming (114)
[2015.02.22-07.03.30:410][899]LogModuleManager: Shutting down and abandoning module StreamingPauseRendering (113)
[2015.02.22-07.03.30:410][899]LogModuleManager: Shutting down and abandoning module HTTP (112)
[2015.02.22-07.03.30:410][899]LogModuleManager: Shutting down and abandoning module AnalyticsET (111)
[2015.02.22-07.03.30:410][899]LogModuleManager: Shutting down and abandoning module Analytics (110)
[2015.02.22-07.03.30:410][899]LogModuleManager: Shutting down and abandoning module AITestSuite (109)
[2015.02.22-07.03.30:410][899]LogModuleManager: Shutting down and abandoning module AIModule (108)
[2015.02.22-07.03.30:410][899]LogModuleManager: Shutting down and abandoning module ProfilerService (107)
[2015.02.22-07.03.30:553][899]LogModuleManager: Shutting down and abandoning module TaskGraph (106)
[2015.02.22-07.03.30:553][899]LogModuleManager: Shutting down and abandoning module GameplayDebugger (105)
[2015.02.22-07.03.30:553][899]LogModuleManager: Shutting down and abandoning module SlateRemote (104)
[2015.02.22-07.03.30:553][899]LogModuleManager: Shutting down and abandoning module ScriptEditorPlugin (103)
[2015.02.22-07.03.30:553][899]LogModuleManager: Shutting down and abandoning module CustomMeshComponent (102)
[2015.02.22-07.03.30:553][899]LogModuleManager: Shutting down and abandoning module CableComponent (101)
[2015.02.22-07.03.30:553][899]LogModuleManager: Shutting down and abandoning module MessagingDebugger (100)
[2015.02.22-07.03.30:553][899]LogModuleManager: Shutting down and abandoning module MediaPlayerEditor (99)
[2015.02.22-07.03.30:553][899]LogModuleManager: Shutting down and abandoning module SpeedTreeImporter (98)
[2015.02.22-07.03.30:553][899]LogModuleManager: Shutting down and abandoning module PluginsEditor (97)
[2015.02.22-07.03.30:553][899]LogModuleManager: Shutting down and abandoning module EpicSurvey (96)
[2015.02.22-07.03.30:553][899]LogModuleManager: Shutting down and abandoning module DesktopPlatform (95)
[2015.02.22-07.03.30:553][899]LogModuleManager: Shutting down and abandoning module VisualStudioSourceCodeAccess (94)
[2015.02.22-07.03.30:553][899]LogModuleManager: Shutting down and abandoning module UObjectPlugin (93)
[2015.02.22-07.03.30:553][899]LogModuleManager: Shutting down and abandoning module SubversionSourceControl (92)
[2015.02.22-07.03.30:553][899]LogModuleManager: Shutting down and abandoning module SourceControl (91)
[2015.02.22-07.03.30:553][899]LogModuleManager: Shutting down and abandoning module PerforceSourceControl (90)
[2015.02.22-07.03.30:553][899]LogModuleManager: Shutting down and abandoning module BlankPlugin (89)
[2015.02.22-07.03.30:553][899]LogModuleManager: Shutting down and abandoning module SlateReflector (88)
[2015.02.22-07.03.30:553][899]LogModuleManager: Shutting down and abandoning module DirectoryWatcher (87)
[2015.02.22-07.03.30:554][899]LogModuleManager: Shutting down and abandoning module HotReload (86)
[2015.02.22-07.03.30:554][899]LogModuleManager: Shutting down and abandoning module MainFrame (85)
[2015.02.22-07.03.30:554][899]LogModuleManager: Shutting down and abandoning module LevelEditor (84)
[2015.02.22-07.03.30:555][899]LogModuleManager: Shutting down and abandoning module ViewportSnapping (83)
[2015.02.22-07.03.30:555][899]LogModuleManager: Shutting down and abandoning module SmartSnapping (82)
[2015.02.22-07.03.30:555][899]LogModuleManager: Shutting down and abandoning module PaperTiledImporter (81)
[2015.02.22-07.03.30:555][899]LogModuleManager: Shutting down and abandoning module PaperJsonImporter (80)
[2015.02.22-07.03.30:555][899]LogModuleManager: Shutting down and abandoning module ContentBrowser (79)
[2015.02.22-07.03.30:556][899]LogModuleManager: Shutting down and abandoning module Paper2DEditor (78)
[2015.02.22-07.03.30:556][899]LogModuleManager: Shutting down and abandoning module ScriptPlugin (77)
[2015.02.22-07.03.30:556][899]LogModuleManager: Shutting down and abandoning module UdpMessaging (76)
[2015.02.22-07.03.30:656][899]LogModuleManager: Shutting down and abandoning module Paper2D (75)
[2015.02.22-07.03.30:656][899]LogModuleManager: Shutting down and abandoning module UE4Game (74)
[2015.02.22-07.03.30:656][899]LogModuleManager: Shutting down and abandoning module WindowsMoviePlayer (73)
[2015.02.22-07.03.30:658][899]LogModuleManager: Shutting down and abandoning module Media (72)
[2015.02.22-07.03.30:658][899]LogModuleManager: Shutting down and abandoning module WmfMedia (71)
[2015.02.22-07.03.30:659][899]LogModuleManager: Shutting down and abandoning module OnlineBlueprintSupport (70)
[2015.02.22-07.03.30:659][899]LogModuleManager: Shutting down and abandoning module PropertyEditor (69)
[2015.02.22-07.03.30:659][899]LogModuleManager: Shutting down and abandoning module BehaviorTreeEditor (68)
[2015.02.22-07.03.30:659][899]LogModuleManager: Shutting down and abandoning module FunctionalTesting (67)
[2015.02.22-07.03.30:659][899]LogModuleManager: Shutting down and abandoning module CollisionAnalyzer (66)
[2015.02.22-07.03.30:659][899]LogModuleManager: Shutting down and abandoning module WorkspaceMenuStructure (65)
[2015.02.22-07.03.30:659][899]LogModuleManager: Shutting down and abandoning module MessageLog (64)
[2015.02.22-07.03.30:659][899]LogModuleManager: Shutting down and abandoning module Sequencer (63)
[2015.02.22-07.03.30:659][899]LogModuleManager: Shutting down and abandoning module AssetTools (62)
[2015.02.22-07.03.30:659][899]LogModuleManager: Shutting down and abandoning module UMGEditor (61)
[2015.02.22-07.03.30:659][899]LogModuleManager: Shutting down and abandoning module UMG (60)
[2015.02.22-07.03.30:659][899]LogModuleManager: Shutting down and abandoning module Slate (59)
[2015.02.22-07.03.30:659][899]LogModuleManager: Shutting down and abandoning module EditorStyle (58)
[2015.02.22-07.03.30:665][899]LogModuleManager: Shutting down and abandoning module SessionServices (57)
[2015.02.22-07.03.30:665][899]LogModuleManager: Shutting down and abandoning module SourceCodeAccess (56)
[2015.02.22-07.03.30:665][899]LogModuleManager: Shutting down and abandoning module HeadMountedDisplay (55)
[2015.02.22-07.03.30:666][899]LogModuleManager: Shutting down and abandoning module XAudio2 (54)
[2015.02.22-07.03.30:666][899]LogModuleManager: Shutting down and abandoning module Networking (52)
[2015.02.22-07.03.30:666][899]LogModuleManager: Shutting down and abandoning module Core (51)
[2015.02.22-07.03.30:666][899]LogModuleManager: Shutting down and abandoning module KismetCompiler (50)
[2015.02.22-07.03.30:666][899]LogModuleManager: Shutting down and abandoning module PhysXFormats (49)
[2015.02.22-07.03.30:666][899]LogModuleManager: Shutting down and abandoning module MeshUtilities (48)
[2015.02.22-07.03.30:666][899]LogModuleManager: Shutting down and abandoning module DerivedDataCache (47)
[2015.02.22-07.03.30:814][899]LogDerivedDataCache: Shutdown
[2015.02.22-07.03.30:814][899]LogModuleManager: Shutting down and abandoning module ShaderFormatOpenGL (46)
[2015.02.22-07.03.30:814][899]LogModuleManager: Shutting down and abandoning module ShaderFormatD3D (45)
[2015.02.22-07.03.30:814][899]LogModuleManager: Shutting down and abandoning module MetalShaderFormat (44)
[2015.02.22-07.03.30:814][899]LogModuleManager: Shutting down and abandoning module TextureFormatUncompressed (43)
[2015.02.22-07.03.30:814][899]LogModuleManager: Shutting down and abandoning module TextureFormatPVR (42)
[2015.02.22-07.03.30:814][899]LogModuleManager: Shutting down and abandoning module TextureFormatDXT (41)
[2015.02.22-07.03.30:814][899]LogModuleManager: Shutting down and abandoning module TextureFormatAndroid (40)
[2015.02.22-07.03.30:814][899]LogModuleManager: Shutting down and abandoning module AudioFormatOpus (39)
[2015.02.22-07.03.30:814][899]LogModuleManager: Shutting down and abandoning module AudioFormatOgg (38)
[2015.02.22-07.03.30:814][899]LogModuleManager: Shutting down and abandoning module AudioFormatADPCM (37)
[2015.02.22-07.03.30:814][899]LogModuleManager: Shutting down and abandoning module LinuxTargetPlatform (36)
[2015.02.22-07.03.30:814][899]LogModuleManager: Shutting down and abandoning module LinuxServerTargetPlatform (35)
[2015.02.22-07.03.30:815][899]LogModuleManager: Shutting down and abandoning module LinuxNoEditorTargetPlatform (34)
[2015.02.22-07.03.30:815][899]LogModuleManager: Shutting down and abandoning module Messaging (33)
[2015.02.22-07.03.30:815][899]LogModuleManager: Shutting down and abandoning module IOSTargetPlatform (32)
[2015.02.22-07.03.30:815][899]LogModuleManager: Shutting down and abandoning module Android_PVRTCTargetPlatform (31)
[2015.02.22-07.03.30:815][899]LogModuleManager: Shutting down and abandoning module Android_ETC2TargetPlatform (30)
[2015.02.22-07.03.30:815][899]LogModuleManager: Shutting down and abandoning module Android_ETC1TargetPlatform (29)
[2015.02.22-07.03.30:815][899]LogModuleManager: Shutting down and abandoning module Android_DXTTargetPlatform (28)
[2015.02.22-07.03.30:815][899]LogModuleManager: Shutting down and abandoning module Android_ATCTargetPlatform (27)
[2015.02.22-07.03.30:815][899]LogModuleManager: Shutting down and abandoning module AndroidTargetPlatform (26)
[2015.02.22-07.03.30:815][899]LogModuleManager: Shutting down and abandoning module WindowsTargetPlatform (25)
[2015.02.22-07.03.30:815][899]LogModuleManager: Shutting down and abandoning module WindowsServerTargetPlatform (24)
[2015.02.22-07.03.30:815][899]LogModuleManager: Shutting down and abandoning module WindowsNoEditorTargetPlatform (23)
[2015.02.22-07.03.30:815][899]LogModuleManager: Shutting down and abandoning module WindowsClientTargetPlatform (22)
[2015.02.22-07.03.30:815][899]LogModuleManager: Shutting down and abandoning module TargetPlatform (21)
[2015.02.22-07.03.30:815][899]LogModuleManager: Shutting down and abandoning module InputCore (20)
[2015.02.22-07.03.30:815][899]LogModuleManager: Shutting down and abandoning module Settings (19)
[2015.02.22-07.03.30:815][899]LogModuleManager: Shutting down and abandoning module ImageWrapper (18)
[2015.02.22-07.03.30:815][899]LogModuleManager: Shutting down and abandoning module OculusRift (15)
[2015.02.22-07.03.30:815][899]LogModuleManager: Shutting down and abandoning module ExampleDeviceProfileSelector (14)
[2015.02.22-07.03.30:815][899]LogModuleManager: Shutting down and abandoning module TextureCompressor (13)
[2015.02.22-07.03.30:815][899]LogModuleManager: Shutting down and abandoning module ShaderCore (12)
[2015.02.22-07.03.30:815][899]LogModuleManager: Shutting down and abandoning module Landscape (11)
[2015.02.22-07.03.30:815][899]LogModuleManager: Shutting down and abandoning module SlateRHIRenderer (10)
[2015.02.22-07.03.30:816][899]LogModuleManager: Shutting down and abandoning module OpenGLDrv (9)
[2015.02.22-07.03.30:816][899]LogModuleManager: Shutting down and abandoning module D3D11RHI (8)
[2015.02.22-07.03.30:816][899]LogModuleManager: Shutting down and abandoning module Renderer (7)
[2015.02.22-07.03.30:816][899]LogModuleManager: Shutting down and abandoning module Engine (6)
[2015.02.22-07.03.30:816][899]LogModuleManager: Shutting down and abandoning module CoreUObject (5)
[2015.02.22-07.03.30:816][899]LogModuleManager: Shutting down and abandoning module NetworkFile (4)
[2015.02.22-07.03.30:816][899]LogModuleManager: Shutting down and abandoning module StreamingFile (3)
[2015.02.22-07.03.30:816][899]LogModuleManager: Shutting down and abandoning module SandboxFile (2)
[2015.02.22-07.03.30:816][899]LogModuleManager: Shutting down and abandoning module PakFile (1)
[2015.02.22-07.03.30:817][899]LogExit: Exiting.
[2015.02.22-07.03.30:823][899]Log file closed, 02/21/15 23:03:30
